<?xml version="1.0" encoding="UTF-8"?>
<!-- Generated by org.testng.reporters.JUnitXMLReporter -->
<testsuite ignored="0" hostname="DESKTOP-T5RRT8M" failures="0" tests="9" name="Default test" time="408.003" errors="0" timestamp="2024-03-05T15:37:30 IST">
  <testcase classname="testng.TestNG_8_Groups_TC" name="facebook" time="1.439"/>
  <testcase classname="testng.TestNG_8_Groups_TC" name="gmail" time="134.785"/>
  <testcase classname="testng.TestNG_8_Groups_TC" name="google" time="7.125"/>
  <testcase classname="testng.TestNG_8_Groups_TC" name="redmine" time="124.349"/>
  <testcase classname="testng.TestNG_8_Groups_TC" name="selenium" time="1.467"/>
  <testcase classname="testng.TestNG_8_Groups_TC" name="seleniumlearn" time="17.35"/>
  <testcase classname="testng.TestNG_8_Groups_TC" name="swiggy" time="49.351"/>
  <testcase classname="testng.TestNG_8_Groups_TC" name="twitter" time="45.236"/>
  <testcase classname="testng.TestNG_8_Groups_TC" name="zomato" time="21.468"/>
</testsuite> <!-- Default test -->
