<?xml version="1.0" encoding="UTF-8"?>
<!-- Generated by org.testng.reporters.JUnitXMLReporter -->
<testsuite ignored="7" hostname="DESKTOP-T5RRT8M" failures="0" tests="2" name="Test" time="7.364" errors="0" timestamp="2024-03-05T19:01:51 IST">
  <testcase classname="testng.TestNG_8_Groups_TC" name="swiggy" time="2.56"/>
  <testcase classname="testng.TestNG_8_Groups_TC" name="zomato" time="2.333"/>
  <testcase classname="testng.TestNG_8_Groups_TC" name="gmail" time="0.0">
    <ignored/>
  </testcase> <!-- gmail -->
  <testcase classname="testng.TestNG_8_Groups_TC" name="seleniumlearn" time="0.0">
    <ignored/>
  </testcase> <!-- seleniumlearn -->
  <testcase classname="testng.TestNG_8_Groups_TC" name="redmine" time="0.0">
    <ignored/>
  </testcase> <!-- redmine -->
  <testcase classname="testng.TestNG_8_Groups_TC" name="twitter" time="0.0">
    <ignored/>
  </testcase> <!-- twitter -->
  <testcase classname="testng.TestNG_8_Groups_TC" name="selenium" time="0.0">
    <ignored/>
  </testcase> <!-- selenium -->
  <testcase classname="testng.TestNG_8_Groups_TC" name="facebook" time="0.0">
    <ignored/>
  </testcase> <!-- facebook -->
  <testcase classname="testng.TestNG_8_Groups_TC" name="google" time="0.0">
    <ignored/>
  </testcase> <!-- google -->
</testsuite> <!-- Test -->
