<?xml version="1.0" encoding="UTF-8"?>
<testng-results ignored="7" total="9" passed="2" failed="0" skipped="0">
  <reporter-output>
  </reporter-output>
  <suite started-at="2024-03-05T19:01:44 IST" name="Suite" finished-at="2024-03-05T19:01:51 IST" duration-ms="7364">
    <groups>
      <group name="food">
        <method signature="TestNG_8_Groups_TC.swiggy()[pri:0, instance:testng.TestNG_8_Groups_TC@27462a88]" name="swiggy" class="testng.TestNG_8_Groups_TC"/>
        <method signature="TestNG_8_Groups_TC.zomato()[pri:0, instance:testng.TestNG_8_Groups_TC@27462a88]" name="zomato" class="testng.TestNG_8_Groups_TC"/>
      </group> <!-- food -->
    </groups>
    <test started-at="2024-03-05T19:01:44 IST" name="Test" finished-at="2024-03-05T19:01:51 IST" duration-ms="7364">
      <class name="testng.TestNG_8_Groups_TC">
        <test-method is-config="true" signature="beforeTest()[pri:0, instance:testng.TestNG_8_Groups_TC@27462a88]" started-at="2024-03-05T19:01:44 IST" name="beforeTest" finished-at="2024-03-05T19:01:46 IST" duration-ms="2387" status="PASS">
          <reporter-output>
          </reporter-output>
        </test-method> <!-- beforeTest -->
        <test-method signature="swiggy()[pri:0, instance:testng.TestNG_8_Groups_TC@27462a88]" started-at="2024-03-05T19:01:46 IST" name="swiggy" finished-at="2024-03-05T19:01:49 IST" duration-ms="2560" status="PASS">
          <reporter-output>
          </reporter-output>
        </test-method> <!-- swiggy -->
        <test-method signature="zomato()[pri:0, instance:testng.TestNG_8_Groups_TC@27462a88]" started-at="2024-03-05T19:01:49 IST" name="zomato" finished-at="2024-03-05T19:01:51 IST" duration-ms="2333" status="PASS">
          <reporter-output>
          </reporter-output>
        </test-method> <!-- zomato -->
      </class> <!-- testng.TestNG_8_Groups_TC -->
    </test> <!-- Test -->
  </suite> <!-- Suite -->
</testng-results>
